3232235778
3232235778
3651666178
3232235778
3232235778
3232235778
3232235779
3232235778
3232235886
3232235778
3232235778
3232235778
3232235777
3232235828
3572637987
3232235778
3232235778
3232235778
3232235778
3232235778
3232235778
3232235778
3232235777
3505529123
3572637987
3232235778
3232235778
3232235778
3232235778
3232235778
3232235778
3232235847
3232235778
3228696834
3232235778
3232235777
3232235778
2481586685
3232235778
2481586685
3232235778
2481586685
2481586685
3232235778
2481586685
2481586685
2481586685
3232235778
2481586685
2481586685
3232235778
2481586685
2481586685
3232235778
2481586685
2481586602
3232235778
2481586681
2481586685
3232235778
2481586685
2481586685
3232235778
2481586685
2481586685
3232235778
2481586685
2481586685
3232235778
2481586685
3232235778
2481586685
3228565762
2863311530
3232235778
3232235782
628293885
3232235778
3232235778
3232235778
2481586685
2481586685
3232235778
2481586685
628293634
2481586685
3232235778
3232235778
3232235778
3232235778
3232235778
3232235778
3232235778
3232235778
3232235778
3232235777
3232235778
3572637987
3232235778
3232235778
3232235778
3232235778
3232235778
3232235778
3232235778
3232235778
3232235778
3232235777
2863311530
3232235822
3232235778
3572637987
3232235778
3232235778
3232235778
3232235778
3232235778
3232235778
3232235778
3232235778
3232235978
3232235778
3232235778
3232235778
3232235778
3232235778
3232235778
3232235777
3232235778
3572637987
3232235778
2896691458
3232235778
3232235778
3232235778
3366453506
4255645953
3232235778
3572637987
3232235778
3232235778
3232235778
3232235778
3232235778
3232235778
3232235778
3232235778
3232235778
3232235778
3232235778
3232235777
3232235778
3572637987
3232235778
3232235778
3232235778
3232235778
3232235778
3232235778
3232235777
3232235778
3572637987
3572637987
3232235778
3232235778
3232235778
3232235778
3232235778
3232235778
3232235778
3232235778
3232268801
3232235778
3232235778
3232235778
3232235778
3232235778
3232235778
3232235778
3232235777
3232235778
3232235778
3232235778
3232235778
3232235778
3232235778
3232235778
3232235778
3232235778
3232235946
3232235777
3232235778
3232235778
3232235778
3232235810
3232235778
3232235778
3232235778
3232235777
3232235778
3232235778
3232235778
3232235778
3232235778
3359930449
3232235778
3232235778
3232235778
3232235778
3232235778
3232235778
3232235777
3232235778
3232235778
3232235778
3232235778
3232235778
3232235778
3232235794
3232235777
3232235778
3232235778
3232235778
3232235778
3232235778
3359930449
3232235778
3232235778
3232235778
3232235778
3232235778
3227648258
3232235778
3232301314
3232235778
3232235777
3232235778
3226861826
3232235778
3232235778
3232235778
3232235778
3232235778
3232235778
3232235778
3232235778
3359930449
245891330
3232235778
3232235778
3232235777
3232235778
3232235778
3232235778
3232235778
3232235778
3232235778
3232235778
3232235777
3232235778
3232235778
3232235778
3232235778
3232235778
3232235778
3232245107
3232235778
3232235778
3232235778
3232235777
3232235778
4054319362
3222667522
3232235778
3232235778
3232235778
3232235778
3232235778
3232235777
3232235778
3232235778
3232235778
3232235778
3232235778
3232235777
3232235778
3232235778
3232235778
3572637987
3232235778
3232235778
3232235778
3232235778
3232235886
3232235777
3232235778
3232235948
3232235778
3232235778
3232235778
3232235778
3232235778
3232235778
3232235778
3232235777
3232235778
3232235778
3572637987
3232235778
3232235778
3232235778
1588068610
3232235778
3232235778
3232235777
2863311530
3232235778
3232235778
3232235778
3232235778
3232235778
3232235833
3232235777
229114114
3232235778
3232235778
3232235778
3232235778
3232235778
3232235778
3232235778
3232235777
3232235778
3232235778
3232235778
3232235778
3232235778
3232235778
3232235778
3232237826
3232235778
3232235778
3232235777
3232235778
3232235778
3232235778
3232235778
3232235778
3232235778
3232235778
3232235778
3232243970
3232235777
3232235782
3232235778
3232235778
11010306
3232235778
3232235778
3232235777
3232235778
3232235778
3232235778
3366453506
3232235778
3232235778
3232235778
3232235778
3232235778
3232235777
3232235778
3572637987
3232235778
3232235778
3232235778
3232235778
3232235778
3232235778
3232235777
3232235778
3572637987
3232235778
3232235778
3232235778
3232235778
3232235778
3232235777
3232235778
3572637987
3232255746
3232235829
3232235778
3232235778
3232235778
2863311530
3232235778
3232235778
3232235778
3232235777
3232235778
3572637987
3232235778
3232235778
3232235778
3232235778
3230138626
3232235778
3232235778
3232235778
3232235778
3232235817
3233332521
3232235817
3232235817
3232235817
1929380137
3232235817
3232235817
3232235817
3232235817
3236430121
3232235817
3232235817
3232235817
3232235817
3232235778
3232235778
3232235778
3232235778
3232235777
3232235817
3232235778
3232235778
3232235778
3232235778
3232235778
3232235778
3232235777
3232235778
3232235778
3232235778
3232235778
3232235778
3232235778
3232235778
3232235777
3232235777
3232235778
3232235778
3232235778
3232279210
3232235778
3232235778
3232235778
3232235778
3232235778
3232235777
2863311530
3572637987
1929380098
3232235778
3232235778
3232235778
3232235778
3232235777
3232235778
3232235778
3572637987
3572637987
3232235778
3232235778
3232235778
3232235778
3232235778
3232235778
3232235778
3232235777
3232235778
3232235778
3572637987
3232235778
3232235778
3232235778
3232235778
3232235778
3232235777
3232235778
3232235778
3572637987
3229155586
3232235778
3232235778
3232235778
3232235778
3232235777
3232235778
3232235778
3572637987
3232235778
3232235778
3232235778
3232235778
3232235778
3232235778
3232235778
3232235777
3232235778
3232235778
3232235778
3232235778
3232235778
3232235778
3232235777
3232235778
3232366850
3572637987
3572637987
3232235778
3232235778
3232235778
3232235778
2158493954
3232235778
3232295169
3232235778
3232235778
3232235778
3232235778
3232235778
2863311530
3232235778
3232235778
3232235777
3232235778
3572637987
2863311530
3232235778
3232235778
3232235778
3232235778
3232235778
3232235778
3232235778
3232235777
3232235778
3232235778
3572637987
3572637987
3572637987
3232235778
3232235778
3232235779
3232235778
3232235778
3232235778
3232235778
3232235778
3232235778
3232235778
1369964802
3232235778
3232235778
3232235778
3232235778
2863311530
3232235778
3572637987
3232235778
3232235778
1487405314
3232235778
3232235778
3232235778
3232235777
3232235778
3572637987
3572637987
3232235778
3232235778
3232235778
3232235778
3232235778
3232235778
3232235778
3232235778
3232235778
3232235778
3232235777
3232235778
3232235778
3232235778
3232235778
3232235778
3232235778
3232235777
3232235778
3232235778
3232235778
1051197698
3232235778
3232235778
3232235778
3232249346
3232235778
3232235778
1957167362
3232235778
3232235777
3232235778
3232235777
3232235778
3232235778
3232235778
